number,value,datetime_start,datetime_complete,duration,params_class_weight,params_class_weight_fine,params_ent_weight,params_gamma,params_gene_dim,params_gene_num_head,params_gene_num_top_feature,params_gig_dim,params_gig_input_transform_dim,params_gig_num_head,params_link_weight,params_lr,params_ortho_weight,params_weight_decay,state
75,0.09259259259259259,2026-03-17 15:46:58.846813,2026-03-17 15:48:29.105874,0 days 00:01:30.259061,0.7129509306756058,0.8286247702047502,0.028095826670022923,0.9449042642108962,6,2,4,24,24,2,0.009989420388600442,0.0080488425013914,0.05909708475484158,1.9153286405184412e-08,COMPLETE
76,0.7592592592592593,2026-03-17 15:48:29.129794,2026-03-17 15:49:43.681670,0 days 00:01:14.551876,0.682707711487307,0.7783665274399076,0.002529824902105684,0.9515531429190853,6,2,4,24,24,2,0.007615813884523652,0.00020565008993297498,0.14528386475461924,2.3769887961400677e-07,COMPLETE
77,0.08024691358024691,2026-03-17 15:49:43.700921,2026-03-17 15:51:07.093783,0 days 00:01:23.392862,0.622052603222739,0.6699954415166559,0.010605238411803504,0.6861029330146547,6,2,4,24,24,2,0.011750378371971572,0.0002558653528064423,0.14804756069492434,9.140827780653587e-06,COMPLETE
78,0.7654320987654321,2026-03-17 15:51:07.105778,2026-03-17 15:52:21.602892,0 days 00:01:14.497114,0.6822024129184644,0.7825662618539138,0.0023392613353088077,0.9017760340757907,6,2,4,24,24,2,0.012596700711204879,0.00013168102588902912,0.08285581471289366,2.95282723304664e-07,COMPLETE
79,0.08641975308641975,2026-03-17 15:52:21.625155,2026-03-17 15:54:19.755372,0 days 00:01:58.130217,0.678494721233681,0.7432825992476914,0.0022199840070722325,0.9257445731886769,6,2,4,24,24,2,0.028503355877978618,0.00021381156765696836,0.08228315554074948,3.1888577590496634e-07,COMPLETE
